\BOOKMARK [0][-]{chapter.1}{\376\377\000I\000n\000t\000r\000o\000d\000u\000c\000c\000i\000\363\000n}{}% 1
\BOOKMARK [0][-]{chapter.2}{\376\377\000M\000a\000p\000p\000i\000n\000g\000\040\000S\000o\000c\000i\000a\000l\000\040\000C\000o\000h\000e\000s\000i\000o\000n}{}% 2
\BOOKMARK [1][-]{section.2.1}{\376\377\000D\000e\000s\000c\000r\000i\000p\000c\000i\000\363\000n\000\040\000G\000e\000n\000e\000r\000a\000l}{chapter.2}% 3
\BOOKMARK [1][-]{section.2.2}{\376\377\000C\000o\000n\000c\000e\000p\000t\000o\000\040\000d\000e\000\040\000C\000o\000h\000e\000s\000i\000\363\000n\000\040\000S\000o\000c\000i\000a\000l}{chapter.2}% 4
\BOOKMARK [1][-]{section.2.3}{\376\377\000O\000p\000e\000r\000a\000c\000i\000o\000n\000a\000l\000i\000z\000a\000c\000i\000\363\000n}{chapter.2}% 5
\BOOKMARK [1][-]{section.2.4}{\376\377\000R\000e\000f\000e\000r\000e\000n\000c\000i\000a\000s}{chapter.2}% 6
\BOOKMARK [0][-]{chapter.3}{\376\377\000S\000c\000a\000n\000l\000o\000n\000-\000M\000o\000n\000a\000s\000h\000\040\000I\000n\000d\000e\000x\000\040\000o\000f\000\040\000S\000o\000c\000i\000a\000l\000\040\000C\000o\000h\000e\000s\000i\000o\000n}{}% 7
\BOOKMARK [1][-]{section.3.1}{\376\377\000D\000e\000s\000c\000r\000i\000p\000c\000i\000\363\000n\000\040\000G\000e\000n\000e\000r\000a\000l}{chapter.3}% 8
\BOOKMARK [1][-]{section.3.2}{\376\377\000C\000o\000n\000c\000e\000p\000t\000o\000\040\000d\000e\000\040\000C\000o\000h\000e\000s\000i\000\363\000n\000\040\000S\000o\000c\000i\000a\000l}{chapter.3}% 9
\BOOKMARK [1][-]{section.3.3}{\376\377\000O\000p\000e\000r\000a\000c\000i\000o\000n\000a\000l\000i\000z\000a\000c\000i\000\363\000n}{chapter.3}% 10
\BOOKMARK [1][-]{section.3.4}{\376\377\000R\000e\000f\000e\000r\000e\000n\000c\000i\000a\000s}{chapter.3}% 11
\BOOKMARK [0][-]{chapter.4}{\376\377\000S\000o\000c\000i\000a\000l\000\040\000C\000o\000h\000e\000s\000i\000o\000n\000\040\000R\000a\000d\000a\000r}{}% 12
\BOOKMARK [1][-]{section.4.1}{\376\377\000D\000e\000s\000c\000r\000i\000p\000c\000i\000\363\000n\000\040\000G\000e\000n\000e\000r\000a\000l}{chapter.4}% 13
\BOOKMARK [1][-]{section.4.2}{\376\377\000C\000o\000n\000c\000e\000p\000t\000o\000\040\000d\000e\000\040\000C\000o\000h\000e\000s\000i\000\363\000n\000\040\000S\000o\000c\000i\000a\000l}{chapter.4}% 14
\BOOKMARK [1][-]{section.4.3}{\376\377\000O\000p\000e\000r\000a\000c\000i\000o\000n\000a\000l\000i\000z\000a\000c\000i\000\363\000n}{chapter.4}% 15
\BOOKMARK [1][-]{section.4.4}{\376\377\000R\000e\000f\000e\000r\000e\000n\000c\000i\000a\000s}{chapter.4}% 16
\BOOKMARK [0][-]{chapter.5}{\376\377\000C\000i\000v\000i\000c\000\040\000E\000n\000g\000a\000g\000e\000m\000e\000n\000t\000\040\000a\000n\000d\000\040\000S\000o\000c\000i\000a\000l\000\040\000C\000o\000h\000e\000s\000i\000o\000n\000\040\000R\000e\000p\000o\000r\000t}{}% 17
\BOOKMARK [1][-]{section.5.1}{\376\377\000D\000e\000s\000c\000r\000i\000p\000c\000i\000\363\000n\000\040\000G\000e\000n\000e\000r\000a\000l}{chapter.5}% 18
\BOOKMARK [1][-]{section.5.2}{\376\377\000C\000o\000n\000c\000e\000p\000t\000o\000\040\000d\000e\000\040\000C\000o\000h\000e\000s\000i\000\363\000n\000\040\000S\000o\000c\000i\000a\000l}{chapter.5}% 19
\BOOKMARK [1][-]{section.5.3}{\376\377\000O\000p\000e\000r\000a\000c\000i\000o\000n\000a\000l\000i\000z\000a\000c\000i\000\363\000n}{chapter.5}% 20
\BOOKMARK [1][-]{section.5.4}{\376\377\000R\000e\000f\000e\000r\000e\000n\000c\000i\000a\000s}{chapter.5}% 21
\BOOKMARK [0][-]{chapter.6}{\376\377\000E\000C\000O\000s\000o\000c\000i\000A\000L}{}% 22
\BOOKMARK [1][-]{section.6.1}{\376\377\000D\000e\000s\000c\000r\000i\000p\000c\000i\000\363\000n\000\040\000G\000e\000n\000e\000r\000a\000l}{chapter.6}% 23
\BOOKMARK [1][-]{section.6.2}{\376\377\000C\000o\000n\000c\000e\000p\000t\000o\000\040\000d\000e\000\040\000C\000o\000h\000e\000s\000i\000\363\000n\000\040\000S\000o\000c\000i\000a\000l}{chapter.6}% 24
\BOOKMARK [1][-]{section.6.3}{\376\377\000O\000p\000e\000r\000a\000c\000i\000o\000n\000a\000l\000i\000z\000a\000c\000i\000\363\000n}{chapter.6}% 25
\BOOKMARK [1][-]{section.6.4}{\376\377\000R\000e\000f\000e\000r\000e\000n\000c\000i\000a\000s}{chapter.6}% 26
\BOOKMARK [0][-]{chapter.7}{\376\377\000C\000o\000n\000c\000l\000u\000s\000i\000o\000n\000e\000s}{}% 27
\BOOKMARK [0][-]{chapter*.9}{\376\377\000B\000i\000b\000l\000i\000o\000g\000r\000a\000f\000\355\000a}{}% 28
